@(#)$CDS: LVS version 6.1.5-64b 10/16/2012 02:08 (sjfdl231) $

Command line: /usr/local/cadence/IC615/tools.lnx86/dfII/bin/64bit/LVS -dir /home/scf-30/huayufu/cds/LVS -l -s -t /home/scf-30/huayufu/cds/LVS/layout /home/scf-30/huayufu/cds/LVS/schematic
Like matching is enabled.
Net swapping is enabled.
Using terminal names as correspondence points.
Compiling Diva LVS rules...

    Net-list summary for /home/scf-30/huayufu/cds/LVS/layout/netlist
       count
        20              nets
        12              terminals
        9               pmos
        9               nmos

    Net-list summary for /home/scf-30/huayufu/cds/LVS/schematic/netlist
       count
        20              nets
        12              terminals
        9               pmos
        9               nmos


    Terminal correspondence points
    N18       N7        A
    N17       N5        B
    N16       N18       C
    N9        N21       COMPOUT
    N15       N17       D
    N14       N16       E
    N13       N19       F
    N12       N20       G
    N11       N12       H
    N10       N13       I
    N8        N1        gnd!
    N19       N0        vdd!

Devices in the rules but not in the netlist:
        cap nfet pfet nmos4 pmos4

The net-lists match.

                             layout  schematic
                                instances
        un-matched              0       0      
        rewired                 0       0      
        size errors             0       0      
        pruned                  0       0      
        active                  18      18     
        total                   18      18     

                                  nets
        un-matched              0       0      
        merged                  0       0      
        pruned                  0       0      
        active                  20      20     
        total                   20      20     

                                terminals
        un-matched              0       0      
        matched but
        different type          10      10     
        total                   12      12     


Probe files from /home/scf-30/huayufu/cds/LVS/schematic

devbad.out:

netbad.out:

mergenet.out:

termbad.out:
? Terminal A's type in the schematic: input, in the layout: inputOutput
? Terminal B's type in the schematic: input, in the layout: inputOutput
? Terminal C's type in the schematic: input, in the layout: inputOutput
? Terminal COMPOUT's type in the schematic: output, in the layout: inputOutput
? Terminal D's type in the schematic: input, in the layout: inputOutput
? Terminal E's type in the schematic: input, in the layout: inputOutput
? Terminal F's type in the schematic: input, in the layout: inputOutput
? Terminal G's type in the schematic: input, in the layout: inputOutput
? Terminal H's type in the schematic: input, in the layout: inputOutput
? Terminal I's type in the schematic: input, in the layout: inputOutput

prunenet.out:

prunedev.out:

audit.out:


Probe files from /home/scf-30/huayufu/cds/LVS/layout

devbad.out:

netbad.out:

mergenet.out:

termbad.out:
? Terminal A's type in the layout: inputOutput, in the schematic: input
? Terminal B's type in the layout: inputOutput, in the schematic: input
? Terminal C's type in the layout: inputOutput, in the schematic: input
? Terminal COMPOUT's type in the layout: inputOutput, in the schematic: output
? Terminal D's type in the layout: inputOutput, in the schematic: input
? Terminal E's type in the layout: inputOutput, in the schematic: input
? Terminal F's type in the layout: inputOutput, in the schematic: input
? Terminal G's type in the layout: inputOutput, in the schematic: input
? Terminal H's type in the layout: inputOutput, in the schematic: input
? Terminal I's type in the layout: inputOutput, in the schematic: input

prunenet.out:

prunedev.out:

audit.out:
