Problem:    PROBLEM
Rows:       224
Columns:    113
Non-zeros:  498
Status:     OPTIMAL
Objective:  C = 8 (MINimum)

   No.   Row name   St   Activity     Lower bound   Upper bound    Marginal
------ ------------ -- ------------- ------------- ------------- -------------
     1 C            B              8                             
     2 RA000000     B              6             2               
     3 RA000001     B              6             2               
     4 RA000002     B              6             2               
     5 RA000003     B              4             2               
     6 RA000004     NL             2             2                       < eps
     7 RA000005     B              6             2               
     8 RA000006     NL             2             2                       < eps
     9 RA000007     B              2             2               
    10 RA000008     B              4             2               
    11 RA000009     B             22             2               
    12 RA000010     B              4             2               
    13 RA000011     B              4             2               
    14 RA000012     B              6             2               
    15 RA000013     NL             2             2                       < eps
    16 RA000014     B              4             2               
    17 RA000015     B              6             2               
    18 RA000016     B              4             2               
    19 RA000017     NL             2             2                       < eps
    20 RA000018     B              4             2               
    21 RA000019     B              4             2               
    22 RA000020     NL             2             2                       < eps
    23 RA000021     NL             2             2                       < eps
    24 RA000022     B              6             2               
    25 RA000023     B              4             2               
    26 RA000024     NL             2             2                       < eps
    27 RA000025     NL             2             2                       < eps
    28 RA000026     B              6             2               
    29 RA000027     B              6             2               
    30 RA000028     B              4             2               
    31 RA000029     NL             2             2                       < eps
    32 RA000030     B              6             2               
    33 RA000031     NL             2             2                       < eps
    34 RA000032     NL             2             2                       < eps
    35 RA000033     B              6             2               
    36 RA000034     B              4             2               
    37 RA000035     NL             2             2                       < eps
    38 RA000036     B              6             2               
    39 RA000037     B              6             2               
    40 RA000038     B              4             2               
    41 RA000039     NL             2             2                       < eps
    42 RA000040     B              6             2               
    43 RA000041     NL             2             2                       < eps
    44 RA000042     NL             2             2                       < eps
    45 RA000043     B              6             2               
    46 RA000044     B              6             2               
    47 RA000045     B              4             2               
    48 RA000046     B              4             2               
    49 RA000047     B              6             2               
    50 RA000048     B              6             2               
    51 RA000049     B              4             2               
    52 RA000050     B              2             2               
    53 RA000051     B              6             2               
    54 RA000052     B              2             2               
    55 RA000053     NL             2             2                       < eps
    56 RA000054     B              6             2               
    57 RA000055     B              6             2               
    58 RA000056     B              4             2               
    59 RA000057     NL             2             2                       < eps
    60 RA000058     B              6             2               
    61 RA000059     B              2             2               
    62 RA000060     B              2             2               
    63 RA000061     NL             2             2                       < eps
    64 RA000062     NL             2             2                       < eps
    65 RA000063     NL             2             2                       < eps
    66 RA000064     NL             2             2                       < eps
    67 RA000065     NL             2             2                           1
    68 RA000066     NL             2             2                       < eps
    69 RA000067     NL             2             2                       < eps
    70 RA000068     NL             2             2                       < eps
    71 RA000069     B              6             2               
    72 RA000070     B              4             2               
    73 RA000071     B              2             2               
    74 RA000072     B              2             2               
    75 RA000073     NL             2             2                       < eps
    76 RA000074     NL             2             2                       < eps
    77 RA000075     NL             2             2                       < eps
    78 RA000076     NL             2             2                       < eps
    79 RA000077     NL             2             2                       < eps
    80 RA000078     NL             2             2                       < eps
    81 RA000079     NL             2             2                       < eps
    82 RA000080     NL             2             2                       < eps
    83 RA000081     B              2             2               
    84 RA000082     NL             2             2                       < eps
    85 RA000083     B              2             2               
    86 RA000084     NL             2             2                       < eps
    87 RA000085     NL             2             2                       < eps
    88 RA000086     NL             2             2                       < eps
    89 RA000087     NL             2             2                       < eps
    90 RA000088     NL             2             2                       < eps
    91 RA000089     B              4             2               
    92 RA000090     B              2             2               
    93 RA000091     NL             2             2                       < eps
    94 RA000092     NL             2             2                       < eps
    95 RA000093     NL             2             2                       < eps
    96 RA000094     NL             2             2                       < eps
    97 RA000095     NL             2             2                       < eps
    98 RA000096     NL             2             2                       < eps
    99 RA000097     B              2             2               
   100 RA000098     NL             2             2                       < eps
   101 RA000099     NL             2             2                       < eps
   102 RA000100     NL             2             2                       < eps
   103 RA000101     NL             2             2                       < eps
   104 RA000102     NL             2             2                       < eps
   105 RA000103     NL             2             2                       < eps
   106 RA000104     NL             2             2                       < eps
   107 RA000105     NL             2             2                       < eps
   108 RA000106     NL             2             2                       < eps
   109 RA000107     NL             2             2                       < eps
   110 RA000108     NL             2             2                       < eps
   111 RA000109     NL             2             2                       < eps
   112 RA000110     NL             2             2                       < eps
   113 RA000111     B              6             2               
   114 RA000112     B              6             2               
   115 RA000113     B              6             2               
   116 RA000114     B              4             2               
   117 RA000115     NL             2             2                       < eps
   118 RA000116     NL             2             2                       < eps
   119 RA000117     NL             2             2                       < eps
   120 RA000118     B              8             2               
   121 RA000119     NL             2             2                       < eps
   122 RA000120     NL             2             2                       < eps
   123 RA000121     NL             2             2                       < eps
   124 RA000122     NL             2             2                       < eps
   125 RA000123     NL             2             2                       < eps
   126 RA000124     B              6             2               
   127 RA000125     NL             2             2                       < eps
   128 RA000126     NL             2             2                       < eps
   129 RA000127     NL             2             2                       < eps
   130 RA000128     NL             2             2                       < eps
   131 RA000129     NL             2             2                       < eps
   132 RA000130     B              2             2               
   133 RA000131     B              2             2               
   134 RA000132     B              2             2               
   135 RA000133     B              6             2               
   136 RA000134     B              4             2               
   137 RA000135     B              2             2               
   138 RA000136     NL             2             2                       < eps
   139 RA000137     NL             2             2                       < eps
   140 RA000138     NL             2             2                       < eps
   141 RA000139     B              4             2               
   142 RA000140     B              2             2               
   143 RA000141     NL             2             2                       < eps
   144 RA000142     NL             2             2                       < eps
   145 RA000143     B              4             2               
   146 RA000144     NL             2             2                       < eps
   147 RA000145     B              4             2               
   148 RA000146     NL             2             2                       < eps
   149 RA000147     B              2             2               
   150 RA000148     B              8             2               
   151 RA000149     B              2             2               
   152 RA000150     B              2             2               
   153 RA000151     B              6             2               
   154 RA000152     B              2             2               
   155 RA000153     NL             2             2                       < eps
   156 RA000154     NL             2             2                       < eps
   157 RA000155     NL             2             2                       < eps
   158 RA000156     B              6             2               
   159 RA000157     B              4             2               
   160 RA000158     B              2             2               
   161 RA000159     NL             2             2                       < eps
   162 RA000160     B              2             2               
   163 RA000161     B              2             2               
   164 RA000162     NL             2             2                           1
   165 RA000163     NL             2             2                       < eps
   166 RA000164     NL             2             2                       < eps
   167 RA000165     B              2             2               
   168 RA000166     B              4             2               
   169 RA000167     B              6             2               
   170 RA000168     B              2             2               
   171 RA000169     B              2             2               
   172 RA000170     B              2             2               
   173 RA000171     NL             2             2                       < eps
   174 RA000172     NL             2             2                       < eps
   175 RA000173     B              4             2               
   176 RA000174     NL             2             2                       < eps
   177 RA000175     B              2             2               
   178 RA000176     B              2             2               
   179 RA000177     NL             2             2                       < eps
   180 RA000178     NL             2             2                       < eps
   181 RA000179     B              4             2               
   182 RA000180     NL             2             2                       < eps
   183 RA000181     B              6             2               
   184 RA000182     NL             2             2                       < eps
   185 RA000183     NL             2             2                       < eps
   186 RA000184     B              4             2               
   187 RA000185     B              2             2               
   188 RA000186     NL             2             2                       < eps
   189 RA000187     NL             2             2                       < eps
   190 RA000188     B              2             2               
   191 RA000189     B              2             2               
   192 RA000190     B              2             2               
   193 RA000191     NL             2             2                       < eps
   194 RA000192     NL             2             2                       < eps
   195 RA000193     NL             2             2                       < eps
   196 RA000194     B              4             2               
   197 RA000195     NL             2             2                       < eps
   198 RA000196     NL             2             2                       < eps
   199 RA000197     B              2             2               
   200 RA000198     NL             2             2                           1
   201 RA000199     B              4             2               
   202 RA000200     B              4             2               
   203 RA000201     NL             2             2                       < eps
   204 RA000202     B              2             2               
   205 RA000203     B              4             2               
   206 RA000204     NL             2             2                           1
   207 RA000205     B              6             2               
   208 RA000206     B              6             2               
   209 RA000207     NL             2             2                       < eps
   210 RA000208     NL             2             2                       < eps
   211 RA000209     B              6             2               
   212 RA000210     B              4             2               
   213 RA000211     NL             2             2                       < eps
   214 RA000212     NL             2             2                       < eps
   215 RA000213     B              4             2               
   216 RA000214     NL             2             2                       < eps
   217 RA000215     B              2             2               
   218 RA000216     B              4             2               
   219 RA000217     B              4             2               
   220 RA000218     B              4             2               
   221 RA000219     NL             2             2                       < eps
   222 RA000220     B              6             2               
   223 RA000221     NL             2             2                       < eps
   224 RA000222     B              4             2               

   No. Column name  St   Activity     Lower bound   Upper bound    Marginal
------ ------------ -- ------------- ------------- ------------- -------------
     1 A0000000     B              4             0               
     2 A0000001     B             20             0               
     3 A0000002     B             20             0               
     4 A0000003     B             24             0               
     5 A0000004     B             26             0               
     6 A0000005     B             14             0               
     7 A0000006     B             28             0               
     8 A0000007     B             28             0               
     9 A0000008     B              6             0               
    10 A0000009     B              8             0               
    11 A0000010     B             10             0               
    12 A0000011     B             12             0               
    13 A0000012     B             14             0               
    14 A0000013     B             16             0               
    15 A0000014     B             16             0               
    16 A0000015     B             18             0               
    17 A0000016     B             24             0               
    18 A0000017     B             16             0               
    19 A0000018     B             26             0               
    20 A0000019     B             18             0               
    21 A0000020     B             18             0               
    22 A0000021     B             26             0               
    23 A0000022     B             14             0               
    24 A0000023     B             22             0               
    25 A0000024     B             14             0               
    26 A0000025     B             16             0               
    27 A0000026     B             24             0               
    28 A0000027     B             16             0               
    29 A0000028     B             24             0               
    30 A0000029     B             22             0               
    31 A0000030     B             14             0               
    32 A0000031     B             14             0               
    33 A0000032     B             22             0               
    34 A0000033     B             12             0               
    35 A0000034     B             12             0               
    36 A0000035     B             20             0               
    37 A0000036     B             12             0               
    38 A0000037     B             12             0               
    39 A0000038     B             18             0               
    40 A0000039     B             10             0               
    41 A0000040     B             10             0               
    42 A0000041     B             10             0               
    43 A0000042     B              8             0               
    44 A0000043     B              6             0               
    45 A0000044     B             14             0               
    46 A0000045     B              8             0               
    47 A0000046     B              6             0               
    48 A0000047     B             24             0               
    49 A0000048     B             16             0               
    50 A0000049     B             16             0               
    51 A0000050     B              4             0               
    52 A0000051     B              6             0               
    53 A0000052     B             16             0               
    54 A0000053     B             22             0               
    55 A0000054     B              4             0               
    56 A0000055     B             16             0               
    57 A0000056     B             10             0               
    58 A0000057     B              8             0               
    59 A0000058     B             12             0               
    60 A0000059     B             14             0               
    61 A0000060     B             22             0               
    62 A0000061     B              2             0               
    63 A0000062     B             22             0               
    64 A0000063     B              2             0               
    65 A0000064     B             14             0               
    66 A0000065     B             22             0               
    67 A0000066     B             10             0               
    68 A0000067     B              8             0               
    69 A0000068     B             14             0               
    70 A0000069     B              8             0               
    71 A0000070     B              4             0               
    72 A0000071     B             20             0               
    73 A0000072     B              8             0               
    74 A0000073     B             20             0               
    75 A0000074     B              2             0               
    76 A0000075     B              4             0               
    77 A0000076     B             14             0               
    78 A0000077     B             24             0               
    79 A0000078     B             12             0               
    80 A0000079     B             10             0               
    81 A0000080     B              4             0               
    82 A0000081     B             20             0               
    83 A0000082     B             20             0               
    84 A0000083     B             24             0               
    85 A0000084     B             26             0               
    86 A0000085     B             28             0               
    87 A0000086     B             28             0               
    88 A0000087     B              6             0               
    89 A0000088     B              8             0               
    90 A0000089     B             10             0               
    91 A0000090     B             12             0               
    92 A0000091     B             14             0               
    93 A0000092     B             14             0               
    94 A0000093     B             16             0               
    95 A0000094     B             16             0               
    96 A0000095     B             18             0               
    97 A0000096     NL             0             0                       < eps
    98 A0000097     B             12             0               
    99 A0000098     B             12             0               
   100 A0000099     B             18             0               
   101 A0000100     B             18             0               
   102 A0000101     B             20             0               
   103 A0000102     NL             0             0                       < eps
   104 A0000103     NL             0             0                       < eps
   105 A0000104     B              0             0               
   106 A0000105     B              2             0               
   107 A0000106     B              6             0               
   108 A0000107     B              6             0               
   109 A0000108     B              6             0               
   110 A0000109     B              8             0               
   111 A0000110     B              8             0               
   112 A0000111     B             10             0               
   113 NTPC         B              8             0               

Karush-Kuhn-Tucker optimality conditions:

KKT.PE: max.abs.err. = 0.00e+00 on row 0
        max.rel.err. = 0.00e+00 on row 0
        High quality

KKT.PB: max.abs.err. = 0.00e+00 on row 0
        max.rel.err. = 0.00e+00 on row 0
        High quality

KKT.DE: max.abs.err. = 0.00e+00 on column 0
        max.rel.err. = 0.00e+00 on column 0
        High quality

KKT.DB: max.abs.err. = 0.00e+00 on row 0
        max.rel.err. = 0.00e+00 on row 0
        High quality

End of output
